<?xml version="1.0" encoding="UTF-8"?>
<testng-results ignored="5" total="6" passed="1" failed="0" skipped="0">
  <reporter-output>
  </reporter-output>
  <suite started-at="2023-03-17T22:20:47 EDT" name="Default suite" finished-at="2023-03-17T22:20:50 EDT" duration-ms="3152">
    <groups>
    </groups>
    <test started-at="2023-03-17T22:20:47 EDT" name="Default test" finished-at="2023-03-17T22:20:50 EDT" duration-ms="3152">
      <class name="tests.NewTest">
        <test-method is-config="true" signature="setup()[pri:0, instance:tests.NewTest@1139b2f3]" started-at="2023-03-17T22:20:47 EDT" name="setup" finished-at="2023-03-17T22:20:49 EDT" duration-ms="2451" status="PASS">
          <reporter-output>
          </reporter-output>
        </test-method> <!-- setup -->
        <test-method signature="test6()[pri:0, instance:tests.NewTest@1139b2f3]" started-at="2023-03-17T22:20:49 EDT" name="test6" finished-at="2023-03-17T22:20:50 EDT" duration-ms="513" status="PASS">
          <reporter-output>
          </reporter-output>
        </test-method> <!-- test6 -->
        <test-method is-config="true" signature="quitDriver()[pri:0, instance:tests.NewTest@1139b2f3]" started-at="2023-03-17T22:20:50 EDT" name="quitDriver" finished-at="2023-03-17T22:20:50 EDT" duration-ms="159" status="PASS">
          <reporter-output>
          </reporter-output>
        </test-method> <!-- quitDriver -->
      </class> <!-- tests.NewTest -->
    </test> <!-- Default test -->
  </suite> <!-- Default suite -->
</testng-results>
